<?xml version="1.0" encoding="UTF-8"?>
<!-- Generated by org.testng.reporters.JUnitReportReporter -->
<testsuite skipped="0" hostname="UAT-MINT-Ent" name="com.mint.moduleTestScripts.CreateProposalBriefTestScripts" tests="1" failures="0" timestamp="2021-08-06T13:10:47 IST" time="57.711" errors="0">
  <testcase name="createProposalBriefTestScripts" time="57.711" classname="com.mint.moduleTestScripts.CreateProposalBriefTestScripts"/>
  <system-out/>
</testsuite> <!-- com.mint.moduleTestScripts.CreateProposalBriefTestScripts -->
